<?xml version="1.0" encoding="UTF-8"?>
<!-- Generated by org.testng.reporters.JUnitXMLReporter -->
<testsuite ignored="0" hostname="DESKTOP-F2U77VL" failures="0" tests="5" name="Test" time="5.589" errors="0" timestamp="2024-07-24T22:29:23 IST">
  <testcase classname="fileUploadPractiseTest.fileUploadTest" name="fileUpload" time="0.039"/>
  <testcase classname="fileUploadPractiseTest.fileUploadTest" name="gujarath" time="0.002"/>
  <testcase classname="fileUploadPractiseTest.fileUploadTest" name="gujarath" time="0.003"/>
  <testcase classname="fileUploadPractiseTest.fileUploadTest" name="gujarath" time="0.002"/>
  <testcase classname="fileUploadPractiseTest.fileUploadTest" name="haryana" time="0.003"/>
</testsuite> <!-- Test -->
