<?xml version="1.0" encoding="UTF-8"?>
<testng-results ignored="0" total="5" passed="5" failed="0" skipped="0">
  <reporter-output>
  </reporter-output>
  <suite started-at="2024-07-24T22:29:18 IST" name="Suite" finished-at="2024-07-24T22:29:23 IST" duration-ms="5589">
    <groups>
    </groups>
    <test started-at="2024-07-24T22:29:18 IST" name="Test" finished-at="2024-07-24T22:29:23 IST" duration-ms="5589">
      <class name="fileUploadPractiseTest.fileUploadTest">
        <test-method is-config="true" signature="launchChrome()[pri:0, instance:fileUploadPractiseTest.fileUploadTest@368f2016]" started-at="2024-07-24T22:29:18 IST" name="launchChrome" finished-at="2024-07-24T22:29:23 IST" duration-ms="5105" status="PASS">
          <reporter-output>
          </reporter-output>
        </test-method> <!-- launchChrome -->
        <test-method signature="fileUpload()[pri:0, instance:fileUploadPractiseTest.fileUploadTest@368f2016]" started-at="2024-07-24T22:29:23 IST" name="fileUpload" finished-at="2024-07-24T22:29:23 IST" duration-ms="39" status="PASS">
          <reporter-output>
          </reporter-output>
        </test-method> <!-- fileUpload -->
        <test-method signature="gujarath()[pri:0, instance:fileUploadPractiseTest.fileUploadTest@368f2016]" started-at="2024-07-24T22:29:23 IST" name="gujarath" finished-at="2024-07-24T22:29:23 IST" duration-ms="2" status="PASS">
          <reporter-output>
          </reporter-output>
        </test-method> <!-- gujarath -->
        <test-method signature="gujarath()[pri:0, instance:fileUploadPractiseTest.fileUploadTest@368f2016]" started-at="2024-07-24T22:29:23 IST" name="gujarath" finished-at="2024-07-24T22:29:23 IST" duration-ms="3" status="PASS">
          <reporter-output>
          </reporter-output>
        </test-method> <!-- gujarath -->
        <test-method signature="gujarath()[pri:0, instance:fileUploadPractiseTest.fileUploadTest@368f2016]" started-at="2024-07-24T22:29:23 IST" name="gujarath" finished-at="2024-07-24T22:29:23 IST" duration-ms="2" status="PASS">
          <reporter-output>
          </reporter-output>
        </test-method> <!-- gujarath -->
        <test-method signature="haryana()[pri:0, instance:fileUploadPractiseTest.fileUploadTest@368f2016]" started-at="2024-07-24T22:29:23 IST" name="haryana" finished-at="2024-07-24T22:29:23 IST" duration-ms="3" status="PASS">
          <reporter-output>
          </reporter-output>
        </test-method> <!-- haryana -->
        <test-method is-config="true" signature="shutdownBrowser()[pri:0, instance:fileUploadPractiseTest.fileUploadTest@368f2016]" started-at="2024-07-24T22:29:23 IST" name="shutdownBrowser" finished-at="2024-07-24T22:29:23 IST" duration-ms="243" status="PASS">
          <reporter-output>
          </reporter-output>
        </test-method> <!-- shutdownBrowser -->
      </class> <!-- fileUploadPractiseTest.fileUploadTest -->
    </test> <!-- Test -->
  </suite> <!-- Suite -->
</testng-results>
